{"numTotalTestSuites":874,"numPassedTestSuites":874,"numFailedTestSuites":0,"numPendingTestSuites":0,"numTotalTests":2325,"numPassedTests":2325,"numFailedTests":0,"numPendingTests":0,"numTodoTests":0,"snapshot":{"added":0,"failure":false,"filesAdded":0,"filesRemoved":0,"filesRemovedList":[],"filesUnmatched":0,"filesUpdated":0,"matched":0,"total":0,"unchecked":0,"uncheckedKeysByFile":[],"unmatched":0,"updated":0,"didUpdate":false},"startTime":1774941475704,"success":true,"testResults":[{"assertionResults":[{"ancestorTitles":["useDeletionTracker","trackDeletion"],"fullName":"useDeletionTracker trackDeletion tracks a real DB ID","status":"passed","title":"tracks a real DB ID","duration":1.5880999999999403,"failureMessages":[],"meta":{},"tags":[]},{"ancestorTitles":["useDeletionTracker","trackDeletion"],"fullName":"useDeletionTracker trackDeletion tracks multiple IDs for the same resource","status":"passed","title":"tracks multiple IDs for the same resource","duration":0.17709999999988213,"failureMessages":[],"meta":{},"tags":[]},{"ancestorTitles":["useDeletionTracker","trackDeletion"],"fullName":"useDeletionTracker trackDeletion tracks IDs across different resources","status":"passed","title":"tracks IDs across different resources","duration":0.3764000000001033,"failureMessages":[],"meta":{},"tags":[]},{"ancestorTitles":["useDeletionTracker","trackDeletion"],"fullName":"useDeletionTracker trackDeletion ignores temp IDs (negative)","status":"passed","title":"ignores temp IDs (negative)","duration":0.23540000000002692,"failureMessages":[],"meta":{},"tags":[]},{"ancestorTitles":["useDeletionTracker","trackDeletion"],"fullName":"useDeletionTracker trackDeletion ignores zero ID","status":"passed","title":"ignores zero ID","duration":0.1934000000001106,"failureMessages":[],"meta":{},"tags":[]},{"ancestorTitles":["useDeletionTracker","trackDeletion"],"fullName":"useDeletionTracker trackDeletion deduplicates same ID","status":"passed","title":"deduplicates same ID","duration":0.19399999999995998,"failureMessages":[],"meta":{},"tags":[]},{"ancestorTitles":["useDeletionTracker","getDeletions"],"fullName":"useDeletionTracker getDeletions returns empty array for untracked resource","status":"passed","title":"returns empty array for untracked resource","duration":0.22220000000015716,"failureMessages":[],"meta":{},"tags":[]},{"ancestorTitles":["useDeletionTracker","getDeletions"],"fullName":"useDeletionTracker getDeletions returns copy (not the internal set)","status":"passed","title":"returns copy (not the internal set)","duration":0.20519999999987704,"failureMessages":[],"meta":{},"tags":[]},{"ancestorTitles":["useDeletionTracker","clearDeletions"],"fullName":"useDeletionTracker clearDeletions clears deletions for a specific resource","status":"passed","title":"clears deletions for a specific resource","duration":0.2930999999998676,"failureMessages":[],"meta":{},"tags":[]},{"ancestorTitles":["useDeletionTracker","clearDeletions"],"fullName":"useDeletionTracker clearDeletions does nothing for untracked resource","status":"passed","title":"does nothing for untracked resource","duration":0.20540000000028158,"failureMessages":[],"meta":{},"tags":[]},{"ancestorTitles":["useDeletionTracker","clearAll"],"fullName":"useDeletionTracker clearAll clears all tracked deletions","status":"passed","title":"clears all tracked deletions","duration":0.2037000000000262,"failureMessages":[],"meta":{},"tags":[]}],"startTime":1774941493155,"endTime":1774941493159.2053,"status":"passed","message":"","name":"D:/Darbs/git/rpg/public-web/src/composables/useDeletionTracker.test.ts"},{"assertionResults":[{"ancestorTitles":["useEntityIcon","entity resolution"],"fullName":"useEntityIcon entity resolution returns entity for valid id","status":"passed","title":"returns entity for valid id","duration":2.9737999999997555,"failureMessages":[],"meta":{},"tags":[]},{"ancestorTitles":["useEntityIcon","entity resolution"],"fullName":"useEntityIcon entity resolution returns undefined for missing entity","status":"passed","title":"returns undefined for missing entity","duration":0.3226999999997133,"failureMessages":[],"meta":{},"tags":[]},{"ancestorTitles":["useEntityIcon","entity resolution"],"fullName":"useEntityIcon entity resolution returns undefined for undefined id","status":"passed","title":"returns undefined for undefined id","duration":0.24240000000008877,"failureMessages":[],"meta":{},"tags":[]},{"ancestorTitles":["useEntityIcon","entity resolution"],"fullName":"useEntityIcon entity resolution returns entity without icon property","status":"passed","title":"returns entity without icon property","duration":0.2553000000002612,"failureMessages":[],"meta":{},"tags":[]},{"ancestorTitles":["useEntityIcon","icon URL resolution"],"fullName":"useEntityIcon icon URL resolution returns icon URL for entity with icon","status":"passed","title":"returns icon URL for entity with icon","duration":0.431999999999789,"failureMessages":[],"meta":{},"tags":[]},{"ancestorTitles":["useEntityIcon","icon URL resolution"],"fullName":"useEntityIcon icon URL resolution returns empty string for entity without icon","status":"passed","title":"returns empty string for entity without icon","duration":0.18259999999963838,"failureMessages":[],"meta":{},"tags":[]},{"ancestorTitles":["useEntityIcon","icon URL resolution"],"fullName":"useEntityIcon icon URL resolution returns empty string for missing entity","status":"passed","title":"returns empty string for missing entity","duration":0.14989999999988868,"failureMessages":[],"meta":{},"tags":[]},{"ancestorTitles":["useEntityIcon","icon URL resolution"],"fullName":"useEntityIcon icon URL resolution uses correct icon category","status":"passed","title":"uses correct icon category","duration":0.1517999999996391,"failureMessages":[],"meta":{},"tags":[]},{"ancestorTitles":["useEntityIcon","reactivity"],"fullName":"useEntityIcon reactivity updates when entity id changes","status":"passed","title":"updates when entity id changes","duration":0.6304000000000087,"failureMessages":[],"meta":{},"tags":[]},{"ancestorTitles":["useEntityIcon","reactivity"],"fullName":"useEntityIcon reactivity updates when entities array changes","status":"passed","title":"updates when entities array changes","duration":0.7565999999997075,"failureMessages":[],"meta":{},"tags":[]},{"ancestorTitles":["useEntityIcon","reactivity"],"fullName":"useEntityIcon reactivity handles entity becoming undefined","status":"passed","title":"handles entity becoming undefined","duration":0.23900000000003274,"failureMessages":[],"meta":{},"tags":[]},{"ancestorTitles":["useEntityIcon","edge cases"],"fullName":"useEntityIcon edge cases handles empty entities array","status":"passed","title":"handles empty entities array","duration":0.1694999999999709,"failureMessages":[],"meta":{},"tags":[]},{"ancestorTitles":["useEntityIcon","edge cases"],"fullName":"useEntityIcon edge cases handles zero as valid id","status":"passed","title":"handles zero as valid id","duration":0.5911999999998443,"failureMessages":[],"meta":{},"tags":[]},{"ancestorTitles":["useEntityIcon","edge cases"],"fullName":"useEntityIcon edge cases handles empty icon string","status":"passed","title":"handles empty icon string","duration":0.1750000000001819,"failureMessages":[],"meta":{},"tags":[]}],"startTime":1774941492994,"endTime":1774941493002.175,"status":"passed","message":"","name":"D:/Darbs/git/rpg/public-web/src/composables/useEntityIcon.test.ts"},{"assertionResults":[{"ancestorTitles":["useErrorHandler","handle401"],"fullName":"useErrorHandler handle401 clears auth and redirects to login","status":"passed","title":"clears auth and redirects to login","duration":6.3539999999998145,"failureMessages":[],"meta":{},"tags":[]},{"ancestorTitles":["useErrorHandler","handle401"],"fullName":"useErrorHandler handle401 redirects to login as fallback when not previously authenticated","status":"passed","title":"redirects to login as fallback when not previously authenticated","duration":2.163100000000213,"failureMessages":[],"meta":{},"tags":[]},{"ancestorTitles":["useErrorHandler","handle401"],"fullName":"useErrorHandler handle401 shows session expired notification","status":"passed","title":"shows session expired notification","duration":2.022699999999986,"failureMessages":[],"meta":{},"tags":[]},{"ancestorTitles":["useErrorHandler","handle401"],"fullName":"useErrorHandler handle401 skips logout when skipLogout is true","status":"passed","title":"skips logout when skipLogout is true","duration":0.9197999999996682,"failureMessages":[],"meta":{},"tags":[]},{"ancestorTitles":["useErrorHandler","handle401"],"fullName":"useErrorHandler handle401 can be called directly","status":"passed","title":"can be called directly","duration":0.6194000000000415,"failureMessages":[],"meta":{},"tags":[]},{"ancestorTitles":["useErrorHandler","handle403"],"fullName":"useErrorHandler handle403 shows access denied notification by default","status":"passed","title":"shows access denied notification by default","duration":0.987699999999677,"failureMessages":[],"meta":{},"tags":[]},{"ancestorTitles":["useErrorHandler","handle403"],"fullName":"useErrorHandler handle403 navigates to forbidden page when specified","status":"passed","title":"navigates to forbidden page when specified","duration":0.8376000000002932,"failureMessages":[],"meta":{},"tags":[]},{"ancestorTitles":["useErrorHandler","handle403"],"fullName":"useErrorHandler handle403 can be called directly","status":"passed","title":"can be called directly","duration":0.628400000000056,"failureMessages":[],"meta":{},"tags":[]},{"ancestorTitles":["useErrorHandler","handle403"],"fullName":"useErrorHandler handle403 can navigate when called directly","status":"passed","title":"can navigate when called directly","duration":0.582300000000032,"failureMessages":[],"meta":{},"tags":[]},{"ancestorTitles":["useErrorHandler","handle404"],"fullName":"useErrorHandler handle404 shows not found notification","status":"passed","title":"shows not found notification","duration":0.7122999999996864,"failureMessages":[],"meta":{},"tags":[]},{"ancestorTitles":["useErrorHandler","handle404"],"fullName":"useErrorHandler handle404 uses custom message from response","status":"passed","title":"uses custom message from response","duration":0.550499999999829,"failureMessages":[],"meta":{},"tags":[]},{"ancestorTitles":["useErrorHandler","handle404"],"fullName":"useErrorHandler handle404 can be called directly","status":"passed","title":"can be called directly","duration":0.48380000000042855,"failureMessages":[],"meta":{},"tags":[]},{"ancestorTitles":["useErrorHandler","handle500"],"fullName":"useErrorHandler handle500 shows server error notification for 500","status":"passed","title":"shows server error notification for 500","duration":0.6024999999999636,"failureMessages":[],"meta":{},"tags":[]},{"ancestorTitles":["useErrorHandler","handle500"],"fullName":"useErrorHandler handle500 handles 502 Bad Gateway","status":"passed","title":"handles 502 Bad Gateway","duration":0.5372000000002117,"failureMessages":[],"meta":{},"tags":[]},{"ancestorTitles":["useErrorHandler","handle500"],"fullName":"useErrorHandler handle500 handles 503 Service Unavailable","status":"passed","title":"handles 503 Service Unavailable","duration":0.5226000000002387,"failureMessages":[],"meta":{},"tags":[]},{"ancestorTitles":["useErrorHandler","handle500"],"fullName":"useErrorHandler handle500 navigates to server error page when specified","status":"passed","title":"navigates to server error page when specified","duration":0.5705000000002656,"failureMessages":[],"meta":{},"tags":[]},{"ancestorTitles":["useErrorHandler","handle500"],"fullName":"useErrorHandler handle500 uses custom message from response","status":"passed","title":"uses custom message from response","duration":0.5533999999997832,"failureMessages":[],"meta":{},"tags":[]},{"ancestorTitles":["useErrorHandler","handleTimeout"],"fullName":"useErrorHandler handleTimeout shows timeout notification without retry function","status":"passed","title":"shows timeout notification without retry function","duration":0.5333000000000538,"failureMessages":[],"meta":{},"tags":[]},{"ancestorTitles":["useErrorHandler","handleTimeout"],"fullName":"useErrorHandler handleTimeout triggers auto-retry with retry function","status":"passed","title":"triggers auto-retry with retry function","duration":1.3631999999997788,"failureMessages":[],"meta":{},"tags":[]},{"ancestorTitles":["useErrorHandler","handleTimeout"],"fullName":"useErrorHandler handleTimeout can be called directly","status":"passed","title":"can be called directly","duration":0.5742000000000189,"failureMessages":[],"meta":{},"tags":[]},{"ancestorTitles":["useErrorHandler","handleNetworkError"],"fullName":"useErrorHandler handleNetworkError shows network error notification without retry function","status":"passed","title":"shows network error notification without retry function","duration":0.6430000000000291,"failureMessages":[],"meta":{},"tags":[]},{"ancestorTitles":["useErrorHandler","handleNetworkError"],"fullName":"useErrorHandler handleNetworkError triggers auto-retry for network error","status":"passed","title":"triggers auto-retry for network error","duration":0.6722999999997228,"failureMessages":[],"meta":{},"tags":[]},{"ancestorTitles":["useErrorHandler","handleNetworkError"],"fullName":"useErrorHandler handleNetworkError can be called directly","status":"passed","title":"can be called directly","duration":0.4855999999999767,"failureMessages":[],"meta":{},"tags":[]},{"ancestorTitles":["useErrorHandler","handleGenericError"],"fullName":"useErrorHandler handleGenericError shows generic error for unknown status","status":"passed","title":"shows generic error for unknown status","duration":0.5198999999997795,"failureMessages":[],"meta":{},"tags":[]},{"ancestorTitles":["useErrorHandler","handleGenericError"],"fullName":"useErrorHandler handleGenericError uses custom message","status":"passed","title":"uses custom message","duration":0.48050000000012005,"failureMessages":[],"meta":{},"tags":[]},{"ancestorTitles":["useErrorHandler","handleGenericError"],"fullName":"useErrorHandler handleGenericError can be called directly","status":"passed","title":"can be called directly","duration":0.44270000000005894,"failureMessages":[],"meta":{},"tags":[]},{"ancestorTitles":["useErrorHandler","auto-retry logic"],"fullName":"useErrorHandler auto-retry logic retries up to 3 times with exponential backoff","status":"passed","title":"retries up to 3 times with exponential backoff","duration":0.7726999999999862,"failureMessages":[],"meta":{},"tags":[]},{"ancestorTitles":["useErrorHandler","auto-retry logic"],"fullName":"useErrorHandler auto-retry logic clears retry tracking on success","status":"passed","title":"clears retry tracking on success","duration":0.6603000000000065,"failureMessages":[],"meta":{},"tags":[]},{"ancestorTitles":["useErrorHandler","auto-retry logic"],"fullName":"useErrorHandler auto-retry logic shows final error notification after max retries","status":"passed","title":"shows final error notification after max retries","duration":0.5791999999996733,"failureMessages":[],"meta":{},"tags":[]},{"ancestorTitles":["useErrorHandler","XSS sanitization"],"fullName":"useErrorHandler XSS sanitization sanitizes script tags in error messages","status":"passed","title":"sanitizes script tags in error messages","duration":0.5612999999998465,"failureMessages":[],"meta":{},"tags":[]},{"ancestorTitles":["useErrorHandler","XSS sanitization"],"fullName":"useErrorHandler XSS sanitization sanitizes HTML entities","status":"passed","title":"sanitizes HTML entities","duration":0.5389000000000124,"failureMessages":[],"meta":{},"tags":[]},{"ancestorTitles":["useErrorHandler","XSS sanitization"],"fullName":"useErrorHandler XSS sanitization preserves safe text content","status":"passed","title":"preserves safe text content","duration":0.497899999999845,"failureMessages":[],"meta":{},"tags":[]},{"ancestorTitles":["useErrorHandler","XSS sanitization"],"fullName":"useErrorHandler XSS sanitization handles ampersands correctly","status":"passed","title":"handles ampersands correctly","duration":0.45719999999982974,"failureMessages":[],"meta":{},"tags":[]},{"ancestorTitles":["useErrorHandler","XSS sanitization"],"fullName":"useErrorHandler XSS sanitization handles single quotes","status":"passed","title":"handles single quotes","duration":0.43760000000020227,"failureMessages":[],"meta":{},"tags":[]},{"ancestorTitles":["useErrorHandler","notification helpers","showSuccess"],"fullName":"useErrorHandler notification helpers showSuccess shows positive notification","status":"passed","title":"shows positive notification","duration":0.5905000000002474,"failureMessages":[],"meta":{},"tags":[]},{"ancestorTitles":["useErrorHandler","notification helpers","showSuccess"],"fullName":"useErrorHandler notification helpers showSuccess includes caption when provided","status":"passed","title":"includes caption when provided","duration":0.491099999999733,"failureMessages":[],"meta":{},"tags":[]},{"ancestorTitles":["useErrorHandler","notification helpers","showSuccess"],"fullName":"useErrorHandler notification helpers showSuccess uses custom timeout","status":"passed","title":"uses custom timeout","duration":0.45839999999998327,"failureMessages":[],"meta":{},"tags":[]},{"ancestorTitles":["useErrorHandler","notification helpers","showInfo"],"fullName":"useErrorHandler notification helpers showInfo shows info notification","status":"passed","title":"shows info notification","duration":0.5756999999998698,"failureMessages":[],"meta":{},"tags":[]},{"ancestorTitles":["useErrorHandler","notification helpers","showInfo"],"fullName":"useErrorHandler notification helpers showInfo includes caption when provided","status":"passed","title":"includes caption when provided","duration":0.44830000000001746,"failureMessages":[],"meta":{},"tags":[]},{"ancestorTitles":["useErrorHandler","notification helpers","showWarning"],"fullName":"useErrorHandler notification helpers showWarning shows warning notification","status":"passed","title":"shows warning notification","duration":0.4976999999998952,"failureMessages":[],"meta":{},"tags":[]},{"ancestorTitles":["useErrorHandler","notification helpers","showWarning"],"fullName":"useErrorHandler notification helpers showWarning includes caption when provided","status":"passed","title":"includes caption when provided","duration":0.44000000000005457,"failureMessages":[],"meta":{},"tags":[]},{"ancestorTitles":["useErrorHandler","error context handling"],"fullName":"useErrorHandler error context handling uses provided retryKey","status":"passed","title":"uses provided retryKey","duration":0.5196999999998297,"failureMessages":[],"meta":{},"tags":[]},{"ancestorTitles":["useErrorHandler","error context handling"],"fullName":"useErrorHandler error context handling generates unique retryKey when not provided","status":"passed","title":"generates unique retryKey when not provided","duration":0.6047000000003209,"failureMessages":[],"meta":{},"tags":[]},{"ancestorTitles":["useErrorHandler","edge cases"],"fullName":"useErrorHandler edge cases handles error without message","status":"passed","title":"handles error without message","duration":0.46549999999979264,"failureMessages":[],"meta":{},"tags":[]},{"ancestorTitles":["useErrorHandler","edge cases"],"fullName":"useErrorHandler edge cases handles error with empty config","status":"passed","title":"handles error with empty config","duration":0.47339999999985594,"failureMessages":[],"meta":{},"tags":[]},{"ancestorTitles":["useErrorHandler","edge cases"],"fullName":"useErrorHandler edge cases handles undefined status gracefully","status":"passed","title":"handles undefined status gracefully","duration":0.5387000000000626,"failureMessages":[],"meta":{},"tags":[]}],"startTime":1774941490168,"endTime":1774941490204.5388,"status":"passed","message":"","name":"D:/Darbs/git/rpg/public-web/src/composables/useErrorHandler.test.ts"},{"assertionResults":[{"ancestorTitles":["normalizeModifierInput","null and empty handling"],"fullName":"normalizeModifierInput null and empty handling returns 0 for null","status":"passed","title":"returns 0 for null","duration":1.5333000000000538,"failureMessages":[],"meta":{},"tags":[]},{"ancestorTitles":["normalizeModifierInput","null and empty handling"],"fullName":"normalizeModifierInput null and empty handling returns 0 for empty string","status":"passed","title":"returns 0 for empty string","duration":0.22530000000006112,"failureMessages":[],"meta":{},"tags":[]},{"ancestorTitles":["normalizeModifierInput","valid number inputs"],"fullName":"normalizeModifierInput valid number inputs passes through positive numbers","status":"passed","title":"passes through positive numbers","duration":0.20349999999962165,"failureMessages":[],"meta":{},"tags":[]},{"ancestorTitles":["normalizeModifierInput","valid number inputs"],"fullName":"normalizeModifierInput valid number inputs passes through zero","status":"passed","title":"passes through zero","duration":0.19160000000010768,"failureMessages":[],"meta":{},"tags":[]},{"ancestorTitles":["normalizeModifierInput","valid number inputs"],"fullName":"normalizeModifierInput valid number inputs passes through negative numbers","status":"passed","title":"passes through negative numbers","duration":0.161200000000008,"failureMessages":[],"meta":{},"tags":[]},{"ancestorTitles":["normalizeModifierInput","valid number inputs"],"fullName":"normalizeModifierInput valid number inputs handles decimal numbers","status":"passed","title":"handles decimal numbers","duration":0.11259999999992942,"failureMessages":[],"meta":{},"tags":[]},{"ancestorTitles":["normalizeModifierInput","string conversion"],"fullName":"normalizeModifierInput string conversion converts string numbers","status":"passed","title":"converts string numbers","duration":0.11619999999993524,"failureMessages":[],"meta":{},"tags":[]},{"ancestorTitles":["normalizeModifierInput","string conversion"],"fullName":"normalizeModifierInput string conversion converts negative string numbers","status":"passed","title":"converts negative string numbers","duration":0.11360000000013315,"failureMessages":[],"meta":{},"tags":[]},{"ancestorTitles":["normalizeModifierInput","string conversion"],"fullName":"normalizeModifierInput string conversion converts decimal string numbers","status":"passed","title":"converts decimal string numbers","duration":0.15039999999999054,"failureMessages":[],"meta":{},"tags":[]},{"ancestorTitles":["normalizeModifierInput","string conversion"],"fullName":"normalizeModifierInput string conversion converts string zero","status":"passed","title":"converts string zero","duration":0.17380000000002838,"failureMessages":[],"meta":{},"tags":[]},{"ancestorTitles":["normalizeModifierInput","invalid input handling"],"fullName":"normalizeModifierInput invalid input handling returns null for NaN string","status":"passed","title":"returns null for NaN string","duration":0.11419999999998254,"failureMessages":[],"meta":{},"tags":[]},{"ancestorTitles":["normalizeModifierInput","invalid input handling"],"fullName":"normalizeModifierInput invalid input handling returns null for mixed invalid string","status":"passed","title":"returns null for mixed invalid string","duration":0.09189999999989595,"failureMessages":[],"meta":{},"tags":[]},{"ancestorTitles":["normalizeModifierInput","invalid input handling"],"fullName":"normalizeModifierInput invalid input handling returns null for undefined-like string","status":"passed","title":"returns null for undefined-like string","duration":0.06690000000025975,"failureMessages":[],"meta":{},"tags":[]},{"ancestorTitles":["normalizeModifierInput","min clamping"],"fullName":"normalizeModifierInput min clamping clamps value below min to min","status":"passed","title":"clamps value below min to min","duration":0.06359999999995125,"failureMessages":[],"meta":{},"tags":[]},{"ancestorTitles":["normalizeModifierInput","min clamping"],"fullName":"normalizeModifierInput min clamping allows value at min","status":"passed","title":"allows value at min","duration":0.0591999999996915,"failureMessages":[],"meta":{},"tags":[]},{"ancestorTitles":["normalizeModifierInput","min clamping"],"fullName":"normalizeModifierInput min clamping allows value above min","status":"passed","title":"allows value above min","duration":0.053800000000137516,"failureMessages":[],"meta":{},"tags":[]},{"ancestorTitles":["normalizeModifierInput","min clamping"],"fullName":"normalizeModifierInput min clamping clamps with negative min","status":"passed","title":"clamps with negative min","duration":0.04849999999987631,"failureMessages":[],"meta":{},"tags":[]},{"ancestorTitles":["normalizeModifierInput","max clamping"],"fullName":"normalizeModifierInput max clamping clamps value above max to max","status":"passed","title":"clamps value above max to max","duration":0.05139999999983047,"failureMessages":[],"meta":{},"tags":[]},{"ancestorTitles":["normalizeModifierInput","max clamping"],"fullName":"normalizeModifierInput max clamping allows value at max","status":"passed","title":"allows value at max","duration":0.04250000000001819,"failureMessages":[],"meta":{},"tags":[]},{"ancestorTitles":["normalizeModifierInput","max clamping"],"fullName":"normalizeModifierInput max clamping allows value below max","status":"passed","title":"allows value below max","duration":0.056499999999687134,"failureMessages":[],"meta":{},"tags":[]},{"ancestorTitles":["normalizeModifierInput","combined min/max clamping"],"fullName":"normalizeModifierInput combined min/max clamping clamps to min when below range","status":"passed","title":"clamps to min when below range","duration":0.0500000000001819,"failureMessages":[],"meta":{},"tags":[]},{"ancestorTitles":["normalizeModifierInput","combined min/max clamping"],"fullName":"normalizeModifierInput combined min/max clamping clamps to max when above range","status":"passed","title":"clamps to max when above range","duration":0.07079999999996289,"failureMessages":[],"meta":{},"tags":[]},{"ancestorTitles":["normalizeModifierInput","combined min/max clamping"],"fullName":"normalizeModifierInput combined min/max clamping allows value within range","status":"passed","title":"allows value within range","duration":0.060600000000249565,"failureMessages":[],"meta":{},"tags":[]},{"ancestorTitles":["normalizeModifierInput","combined min/max clamping"],"fullName":"normalizeModifierInput combined min/max clamping allows value at boundaries","status":"passed","title":"allows value at boundaries","duration":0.09920000000010987,"failureMessages":[],"meta":{},"tags":[]},{"ancestorTitles":["normalizeModifierInput","combined min/max clamping"],"fullName":"normalizeModifierInput combined min/max clamping handles narrow range","status":"passed","title":"handles narrow range","duration":0.07150000000001455,"failureMessages":[],"meta":{},"tags":[]},{"ancestorTitles":["normalizeModifierInput","edge cases"],"fullName":"normalizeModifierInput edge cases handles very large numbers","status":"passed","title":"handles very large numbers","duration":0.07330000000001746,"failureMessages":[],"meta":{},"tags":[]},{"ancestorTitles":["normalizeModifierInput","edge cases"],"fullName":"normalizeModifierInput edge cases handles very small numbers","status":"passed","title":"handles very small numbers","duration":0.06340000000000146,"failureMessages":[],"meta":{},"tags":[]},{"ancestorTitles":["normalizeModifierInput","edge cases"],"fullName":"normalizeModifierInput edge cases handles whitespace string","status":"passed","title":"handles whitespace string","duration":0.057400000000143336,"failureMessages":[],"meta":{},"tags":[]},{"ancestorTitles":["normalizeModifierInput","edge cases"],"fullName":"normalizeModifierInput edge cases handles Infinity with max clamp","status":"passed","title":"handles Infinity with max clamp","duration":0.06590000000005602,"failureMessages":[],"meta":{},"tags":[]},{"ancestorTitles":["normalizeModifierInput","edge cases"],"fullName":"normalizeModifierInput edge cases handles -Infinity with min clamp","status":"passed","title":"handles -Infinity with min clamp","duration":0.060199999999895226,"failureMessages":[],"meta":{},"tags":[]},{"ancestorTitles":["useIncrementDecrement","increment"],"fullName":"useIncrementDecrement increment increments value by 1","status":"passed","title":"increments value by 1","duration":0.21500000000014552,"failureMessages":[],"meta":{},"tags":[]},{"ancestorTitles":["useIncrementDecrement","increment"],"fullName":"useIncrementDecrement increment returns true when increment succeeds","status":"passed","title":"returns true when increment succeeds","duration":0.11560000000008586,"failureMessages":[],"meta":{},"tags":[]},{"ancestorTitles":["useIncrementDecrement","increment"],"fullName":"useIncrementDecrement increment increments from zero","status":"passed","title":"increments from zero","duration":0.09700000000020736,"failureMessages":[],"meta":{},"tags":[]},{"ancestorTitles":["useIncrementDecrement","increment"],"fullName":"useIncrementDecrement increment increments negative values","status":"passed","title":"increments negative values","duration":0.09490000000005239,"failureMessages":[],"meta":{},"tags":[]},{"ancestorTitles":["useIncrementDecrement","decrement"],"fullName":"useIncrementDecrement decrement decrements value by 1","status":"passed","title":"decrements value by 1","duration":0.13959999999997308,"failureMessages":[],"meta":{},"tags":[]},{"ancestorTitles":["useIncrementDecrement","decrement"],"fullName":"useIncrementDecrement decrement returns true when decrement succeeds","status":"passed","title":"returns true when decrement succeeds","duration":0.09090000000014697,"failureMessages":[],"meta":{},"tags":[]},{"ancestorTitles":["useIncrementDecrement","decrement"],"fullName":"useIncrementDecrement decrement decrements to zero","status":"passed","title":"decrements to zero","duration":0.08370000000013533,"failureMessages":[],"meta":{},"tags":[]},{"ancestorTitles":["useIncrementDecrement","min boundary"],"fullName":"useIncrementDecrement min boundary stops at min value","status":"passed","title":"stops at min value","duration":0.1172999999998865,"failureMessages":[],"meta":{},"tags":[]},{"ancestorTitles":["useIncrementDecrement","min boundary"],"fullName":"useIncrementDecrement min boundary allows decrement above min","status":"passed","title":"allows decrement above min","duration":0.13220000000001164,"failureMessages":[],"meta":{},"tags":[]},{"ancestorTitles":["useIncrementDecrement","min boundary"],"fullName":"useIncrementDecrement min boundary uses default min of 0","status":"passed","title":"uses default min of 0","duration":0.13049999999975626,"failureMessages":[],"meta":{},"tags":[]},{"ancestorTitles":["useIncrementDecrement","min boundary"],"fullName":"useIncrementDecrement min boundary respects custom min","status":"passed","title":"respects custom min","duration":0.13169999999990978,"failureMessages":[],"meta":{},"tags":[]},{"ancestorTitles":["useIncrementDecrement","max boundary"],"fullName":"useIncrementDecrement max boundary stops at max value","status":"passed","title":"stops at max value","duration":0.12370000000009895,"failureMessages":[],"meta":{},"tags":[]},{"ancestorTitles":["useIncrementDecrement","max boundary"],"fullName":"useIncrementDecrement max boundary allows increment below max","status":"passed","title":"allows increment below max","duration":0.10429999999996653,"failureMessages":[],"meta":{},"tags":[]},{"ancestorTitles":["useIncrementDecrement","max boundary"],"fullName":"useIncrementDecrement max boundary uses Infinity as default max","status":"passed","title":"uses Infinity as default max","duration":0.08010000000012951,"failureMessages":[],"meta":{},"tags":[]},{"ancestorTitles":["useIncrementDecrement","budget constraint"],"fullName":"useIncrementDecrement budget constraint stops increment when budget is 0","status":"passed","title":"stops increment when budget is 0","duration":0.09749999999985448,"failureMessages":[],"meta":{},"tags":[]},{"ancestorTitles":["useIncrementDecrement","budget constraint"],"fullName":"useIncrementDecrement budget constraint allows increment when budget available","status":"passed","title":"allows increment when budget available","duration":0.08940000000029613,"failureMessages":[],"meta":{},"tags":[]},{"ancestorTitles":["useIncrementDecrement","budget constraint"],"fullName":"useIncrementDecrement budget constraint decrement ignores budget","status":"passed","title":"decrement ignores budget","duration":0.08189999999967768,"failureMessages":[],"meta":{},"tags":[]},{"ancestorTitles":["useIncrementDecrement","budget constraint"],"fullName":"useIncrementDecrement budget constraint uses dynamic budget check","status":"passed","title":"uses dynamic budget check","duration":0.16550000000006548,"failureMessages":[],"meta":{},"tags":[]},{"ancestorTitles":["useIncrementDecrement","combined constraints"],"fullName":"useIncrementDecrement combined constraints respects both max and budget","status":"passed","title":"respects both max and budget","duration":0.12860000000000582,"failureMessages":[],"meta":{},"tags":[]},{"ancestorTitles":["useIncrementDecrement","combined constraints"],"fullName":"useIncrementDecrement combined constraints stops at max even with budget remaining","status":"passed","title":"stops at max even with budget remaining","duration":0.07920000000012806,"failureMessages":[],"meta":{},"tags":[]},{"ancestorTitles":["useIncrementDecrement","combined constraints"],"fullName":"useIncrementDecrement combined constraints stops at zero budget even below max","status":"passed","title":"stops at zero budget even below max","duration":0.07699999999977081,"failureMessages":[],"meta":{},"tags":[]},{"ancestorTitles":["useIncrementDecrement","combined constraints"],"fullName":"useIncrementDecrement combined constraints respects min and max range","status":"passed","title":"respects min and max range","duration":0.14919999999983702,"failureMessages":[],"meta":{},"tags":[]},{"ancestorTitles":["useIncrementDecrement","callback verification"],"fullName":"useIncrementDecrement callback verification calls getValue on each operation","status":"passed","title":"calls getValue on each operation","duration":0.33989999999994325,"failureMessages":[],"meta":{},"tags":[]},{"ancestorTitles":["useIncrementDecrement","callback verification"],"fullName":"useIncrementDecrement callback verification calls setValue with correct value on increment","status":"passed","title":"calls setValue with correct value on increment","duration":0.9645999999997912,"failureMessages":[],"meta":{},"tags":[]},{"ancestorTitles":["useIncrementDecrement","callback verification"],"fullName":"useIncrementDecrement callback verification calls setValue with correct value on decrement","status":"passed","title":"calls setValue with correct value on decrement","duration":0.17830000000003565,"failureMessages":[],"meta":{},"tags":[]},{"ancestorTitles":["useIncrementDecrement","callback verification"],"fullName":"useIncrementDecrement callback verification does not call setValue when blocked by max","status":"passed","title":"does not call setValue when blocked by max","duration":0.23030000000017026,"failureMessages":[],"meta":{},"tags":[]},{"ancestorTitles":["useIncrementDecrement","callback verification"],"fullName":"useIncrementDecrement callback verification does not call setValue when blocked by min","status":"passed","title":"does not call setValue when blocked by min","duration":0.14899999999988722,"failureMessages":[],"meta":{},"tags":[]},{"ancestorTitles":["useIncrementDecrement","callback verification"],"fullName":"useIncrementDecrement callback verification does not call setValue when blocked by budget","status":"passed","title":"does not call setValue when blocked by budget","duration":0.13200000000006185,"failureMessages":[],"meta":{},"tags":[]}],"startTime":1774941492232,"endTime":1774941492242.149,"status":"passed","message":"","name":"D:/Darbs/git/rpg/public-web/src/composables/useModifierInput.test.ts"},{"assertionResults":[{"ancestorTitles":["useNpcEditState","canEdit"],"fullName":"useNpcEditState canEdit is false when npc is null","status":"passed","title":"is false when npc is null","duration":2.6078999999999724,"failureMessages":[],"meta":{},"tags":[]},{"ancestorTitles":["useNpcEditState","canEdit"],"fullName":"useNpcEditState canEdit is true when createdBy is not null","status":"passed","title":"is true when createdBy is not null","duration":0.6963999999998123,"failureMessages":[],"meta":{},"tags":[]},{"ancestorTitles":["useNpcEditState","canEdit"],"fullName":"useNpcEditState canEdit is false when createdBy is null (handbook NPC)","status":"passed","title":"is false when createdBy is null (handbook NPC)","duration":0.30169999999998254,"failureMessages":[],"meta":{},"tags":[]},{"ancestorTitles":["useNpcEditState","isFormValid"],"fullName":"useNpcEditState isFormValid is false when editableNpc is null","status":"passed","title":"is false when editableNpc is null","duration":0.2824000000000524,"failureMessages":[],"meta":{},"tags":[]},{"ancestorTitles":["useNpcEditState","isFormValid"],"fullName":"useNpcEditState isFormValid is true when all required fields are filled","status":"passed","title":"is true when all required fields are filled","duration":0.6410999999998239,"failureMessages":[],"meta":{},"tags":[]},{"ancestorTitles":["useNpcEditState","isFormValid"],"fullName":"useNpcEditState isFormValid is false when name is empty","status":"passed","title":"is false when name is empty","duration":0.8766999999998006,"failureMessages":[],"meta":{},"tags":[]},{"ancestorTitles":["useNpcEditState","isFormValid"],"fullName":"useNpcEditState isFormValid is false when name is whitespace only","status":"passed","title":"is false when name is whitespace only","duration":0.32280000000037035,"failureMessages":[],"meta":{},"tags":[]},{"ancestorTitles":["useNpcEditState","isFormValid"],"fullName":"useNpcEditState isFormValid is false when size is empty","status":"passed","title":"is false when size is empty","duration":0.2899999999999636,"failureMessages":[],"meta":{},"tags":[]},{"ancestorTitles":["useNpcEditState","startEdit"],"fullName":"useNpcEditState startEdit sets editing to true and creates editable clone","status":"passed","title":"sets editing to true and creates editable clone","duration":0.48900000000003274,"failureMessages":[],"meta":{},"tags":[]},{"ancestorTitles":["useNpcEditState","startEdit"],"fullName":"useNpcEditState startEdit does not modify original npc","status":"passed","title":"does not modify original npc","duration":0.3382000000001426,"failureMessages":[],"meta":{},"tags":[]},{"ancestorTitles":["useNpcEditState","startEdit"],"fullName":"useNpcEditState startEdit does nothing when npc is null","status":"passed","title":"does nothing when npc is null","duration":0.17020000000002256,"failureMessages":[],"meta":{},"tags":[]},{"ancestorTitles":["useNpcEditState","startEdit"],"fullName":"useNpcEditState startEdit does nothing for handbook NPCs (canEdit false)","status":"passed","title":"does nothing for handbook NPCs (canEdit false)","duration":0.16500000000041837,"failureMessages":[],"meta":{},"tags":[]},{"ancestorTitles":["useNpcEditState","startEdit"],"fullName":"useNpcEditState startEdit deep clones arrays so edits do not leak","status":"passed","title":"deep clones arrays so edits do not leak","duration":0.21500000000014552,"failureMessages":[],"meta":{},"tags":[]},{"ancestorTitles":["useNpcEditState","cloneAsNew"],"fullName":"useNpcEditState cloneAsNew clones NPC with id=0 and appended (Copy) name","status":"passed","title":"clones NPC with id=0 and appended (Copy) name","duration":0.34859999999980573,"failureMessages":[],"meta":{},"tags":[]},{"ancestorTitles":["useNpcEditState","cloneAsNew"],"fullName":"useNpcEditState cloneAsNew does nothing when npc is null","status":"passed","title":"does nothing when npc is null","duration":0.12620000000015352,"failureMessages":[],"meta":{},"tags":[]},{"ancestorTitles":["useNpcEditState","cancelEdit"],"fullName":"useNpcEditState cancelEdit returns goBack in create mode","status":"passed","title":"returns goBack in create mode","duration":0.1467000000002372,"failureMessages":[],"meta":{},"tags":[]},{"ancestorTitles":["useNpcEditState","cancelEdit"],"fullName":"useNpcEditState cancelEdit resets editing state and restores original","status":"passed","title":"resets editing state and restores original","duration":0.32799999999997453,"failureMessages":[],"meta":{},"tags":[]},{"ancestorTitles":["useNpcEditState","cancelEdit"],"fullName":"useNpcEditState cancelEdit clears isClone flag","status":"passed","title":"clears isClone flag","duration":0.2878000000000611,"failureMessages":[],"meta":{},"tags":[]},{"ancestorTitles":["useNpcEditState","onFieldUpdate"],"fullName":"useNpcEditState onFieldUpdate updates string fields","status":"passed","title":"updates string fields","duration":0.29739999999992506,"failureMessages":[],"meta":{},"tags":[]},{"ancestorTitles":["useNpcEditState","onFieldUpdate"],"fullName":"useNpcEditState onFieldUpdate sets nullable fields to null on empty string","status":"passed","title":"sets nullable fields to null on empty string","duration":0.2575000000001637,"failureMessages":[],"meta":{},"tags":[]},{"ancestorTitles":["useNpcEditState","onFieldUpdate"],"fullName":"useNpcEditState onFieldUpdate updates tier by code","status":"passed","title":"updates tier by code","duration":0.259900000000016,"failureMessages":[],"meta":{},"tags":[]},{"ancestorTitles":["useNpcEditState","onFieldUpdate"],"fullName":"useNpcEditState onFieldUpdate updates boolean fields","status":"passed","title":"updates boolean fields","duration":0.2238999999999578,"failureMessages":[],"meta":{},"tags":[]},{"ancestorTitles":["useNpcEditState","onFieldUpdate"],"fullName":"useNpcEditState onFieldUpdate does nothing when editableNpc is null","status":"passed","title":"does nothing when editableNpc is null","duration":0.6604999999999563,"failureMessages":[],"meta":{},"tags":[]},{"ancestorTitles":["useNpcEditState","onStatUpdate"],"fullName":"useNpcEditState onStatUpdate updates attribute value by code","status":"passed","title":"updates attribute value by code","duration":0.32589999999981956,"failureMessages":[],"meta":{},"tags":[]},{"ancestorTitles":["useNpcEditState","onStatUpdate"],"fullName":"useNpcEditState onStatUpdate ignores unknown sections","status":"passed","title":"ignores unknown sections","duration":0.3105999999997948,"failureMessages":[],"meta":{},"tags":[]},{"ancestorTitles":["useNpcEditState","onStatUpdate"],"fullName":"useNpcEditState onStatUpdate does nothing when editableNpc is null","status":"passed","title":"does nothing when editableNpc is null","duration":0.21289999999999054,"failureMessages":[],"meta":{},"tags":[]},{"ancestorTitles":["useNpcEditState","buildPayload"],"fullName":"useNpcEditState buildPayload builds upsert payload with id for edit mode","status":"passed","title":"builds upsert payload with id for edit mode","duration":0.9843000000000757,"failureMessages":[],"meta":{},"tags":[]},{"ancestorTitles":["useNpcEditState","buildPayload"],"fullName":"useNpcEditState buildPayload omits id in create mode","status":"passed","title":"omits id in create mode","duration":0.296100000000024,"failureMessages":[],"meta":{},"tags":[]},{"ancestorTitles":["useNpcEditState","buildPayload"],"fullName":"useNpcEditState buildPayload omits id for cloned NPCs","status":"passed","title":"omits id for cloned NPCs","duration":0.24900000000025102,"failureMessages":[],"meta":{},"tags":[]},{"ancestorTitles":["useNpcEditState","buildPayload"],"fullName":"useNpcEditState buildPayload filters out zero-value attributes but keeps all defenses","status":"passed","title":"filters out zero-value attributes but keeps all defenses","duration":0.7865000000001601,"failureMessages":[],"meta":{},"tags":[]},{"ancestorTitles":["useNpcEditState","buildPayload"],"fullName":"useNpcEditState buildPayload trims string fields","status":"passed","title":"trims string fields","duration":0.2537000000002081,"failureMessages":[],"meta":{},"tags":[]},{"ancestorTitles":["useNpcEditState","buildPayload"],"fullName":"useNpcEditState buildPayload converts empty nullable strings to null","status":"passed","title":"converts empty nullable strings to null","duration":0.2518000000000029,"failureMessages":[],"meta":{},"tags":[]},{"ancestorTitles":["useNpcEditState","buildEmptyNpc"],"fullName":"useNpcEditState buildEmptyNpc creates NPC with classifier defaults","status":"passed","title":"creates NPC with classifier defaults","duration":0.5459999999998217,"failureMessages":[],"meta":{},"tags":[]}],"startTime":1774941492317,"endTime":1774941492332.546,"status":"passed","message":"","name":"D:/Darbs/git/rpg/public-web/src/composables/useNpcEditState.test.ts"},{"assertionResults":[{"ancestorTitles":["useNpcItemDialog","onItemAdd"],"fullName":"useNpcItemDialog onItemAdd opens dialog for features with correct label","status":"passed","title":"opens dialog for features with correct label","duration":2.6777000000001863,"failureMessages":[],"meta":{},"tags":[]},{"ancestorTitles":["useNpcItemDialog","onItemAdd"],"fullName":"useNpcItemDialog onItemAdd opens dialog for actions with activation type shown","status":"passed","title":"opens dialog for actions with activation type shown","duration":0.3991000000000895,"failureMessages":[],"meta":{},"tags":[]},{"ancestorTitles":["useNpcItemDialog","onItemAdd"],"fullName":"useNpcItemDialog onItemAdd opens dialog for opportunities with correct label","status":"passed","title":"opens dialog for opportunities with correct label","duration":0.28019999999969514,"failureMessages":[],"meta":{},"tags":[]},{"ancestorTitles":["useNpcItemDialog","onItemEdit"],"fullName":"useNpcItemDialog onItemEdit loads existing feature into dialog","status":"passed","title":"loads existing feature into dialog","duration":1.0048000000001593,"failureMessages":[],"meta":{},"tags":[]},{"ancestorTitles":["useNpcItemDialog","onItemEdit"],"fullName":"useNpcItemDialog onItemEdit loads existing action with activation type shown","status":"passed","title":"loads existing action with activation type shown","duration":0.3132999999997992,"failureMessages":[],"meta":{},"tags":[]},{"ancestorTitles":["useNpcItemDialog","onItemEdit"],"fullName":"useNpcItemDialog onItemEdit does nothing when editableNpc is null","status":"passed","title":"does nothing when editableNpc is null","duration":0.15450000000009823,"failureMessages":[],"meta":{},"tags":[]},{"ancestorTitles":["useNpcItemDialog","onItemRemove"],"fullName":"useNpcItemDialog onItemRemove removes feature at index","status":"passed","title":"removes feature at index","duration":1.2435999999997875,"failureMessages":[],"meta":{},"tags":[]},{"ancestorTitles":["useNpcItemDialog","onItemRemove"],"fullName":"useNpcItemDialog onItemRemove removes action at index","status":"passed","title":"removes action at index","duration":0.3733999999999469,"failureMessages":[],"meta":{},"tags":[]},{"ancestorTitles":["useNpcItemDialog","onItemRemove"],"fullName":"useNpcItemDialog onItemRemove does nothing when editableNpc is null","status":"passed","title":"does nothing when editableNpc is null","duration":0.6462999999998829,"failureMessages":[],"meta":{},"tags":[]},{"ancestorTitles":["useNpcItemDialog","onItemSave"],"fullName":"useNpcItemDialog onItemSave adds new feature when index is -1","status":"passed","title":"adds new feature when index is -1","duration":0.4290000000000873,"failureMessages":[],"meta":{},"tags":[]},{"ancestorTitles":["useNpcItemDialog","onItemSave"],"fullName":"useNpcItemDialog onItemSave updates existing feature when editing","status":"passed","title":"updates existing feature when editing","duration":0.22969999999986612,"failureMessages":[],"meta":{},"tags":[]},{"ancestorTitles":["useNpcItemDialog","onItemSave"],"fullName":"useNpcItemDialog onItemSave adds new action when index is -1","status":"passed","title":"adds new action when index is -1","duration":0.21260000000029322,"failureMessages":[],"meta":{},"tags":[]},{"ancestorTitles":["useNpcItemDialog","onItemSave"],"fullName":"useNpcItemDialog onItemSave updates existing action when editing","status":"passed","title":"updates existing action when editing","duration":0.20730000000003201,"failureMessages":[],"meta":{},"tags":[]},{"ancestorTitles":["useNpcItemDialog","onItemSave"],"fullName":"useNpcItemDialog onItemSave adds new opportunity","status":"passed","title":"adds new opportunity","duration":0.228099999999813,"failureMessages":[],"meta":{},"tags":[]},{"ancestorTitles":["useNpcItemDialog","onItemSave"],"fullName":"useNpcItemDialog onItemSave does nothing when editableNpc is null","status":"passed","title":"does nothing when editableNpc is null","duration":0.16160000000036234,"failureMessages":[],"meta":{},"tags":[]}],"startTime":1774941492348,"endTime":1774941492357.228,"status":"passed","message":"","name":"D:/Darbs/git/rpg/public-web/src/composables/useNpcItemDialog.test.ts"},{"assertionResults":[{"ancestorTitles":["useNpcStatDialog","computed properties"],"fullName":"useNpcStatDialog computed properties statDialogTitle returns \"Add Skill\" for skills section","status":"passed","title":"statDialogTitle returns \"Add Skill\" for skills section","duration":2.478900000000067,"failureMessages":[],"meta":{},"tags":[]},{"ancestorTitles":["useNpcStatDialog","computed properties"],"fullName":"useNpcStatDialog computed properties statDialogTitle returns \"Add Stat\" for derivedStats section","status":"passed","title":"statDialogTitle returns \"Add Stat\" for derivedStats section","duration":0.362999999999829,"failureMessages":[],"meta":{},"tags":[]},{"ancestorTitles":["useNpcStatDialog","computed properties"],"fullName":"useNpcStatDialog computed properties statDialogShowDisplayValue is true for derivedStats","status":"passed","title":"statDialogShowDisplayValue is true for derivedStats","duration":0.5967999999998028,"failureMessages":[],"meta":{},"tags":[]},{"ancestorTitles":["useNpcStatDialog","computed properties"],"fullName":"useNpcStatDialog computed properties statDialogShowDisplayValue is false for skills","status":"passed","title":"statDialogShowDisplayValue is false for skills","duration":0.27189999999973224,"failureMessages":[],"meta":{},"tags":[]},{"ancestorTitles":["useNpcStatDialog","computed properties"],"fullName":"useNpcStatDialog computed properties statDialogOptions returns skills with attribute suffix for skills section","status":"passed","title":"statDialogOptions returns skills with attribute suffix for skills section","duration":0.8700000000003456,"failureMessages":[],"meta":{},"tags":[]},{"ancestorTitles":["useNpcStatDialog","computed properties"],"fullName":"useNpcStatDialog computed properties statDialogOptions returns derived stats for derivedStats section","status":"passed","title":"statDialogOptions returns derived stats for derivedStats section","duration":0.31359999999995125,"failureMessages":[],"meta":{},"tags":[]},{"ancestorTitles":["useNpcStatDialog","computed properties"],"fullName":"useNpcStatDialog computed properties statDialogUsedCodes returns codes already in the NPC","status":"passed","title":"statDialogUsedCodes returns codes already in the NPC","duration":0.9223999999999251,"failureMessages":[],"meta":{},"tags":[]},{"ancestorTitles":["useNpcStatDialog","computed properties"],"fullName":"useNpcStatDialog computed properties statDialogUsedCodes returns empty array when NPC is null","status":"passed","title":"statDialogUsedCodes returns empty array when NPC is null","duration":0.21549999999979264,"failureMessages":[],"meta":{},"tags":[]},{"ancestorTitles":["useNpcStatDialog","onStatAdd"],"fullName":"useNpcStatDialog onStatAdd opens dialog with cleared fields for skills","status":"passed","title":"opens dialog with cleared fields for skills","duration":0.34169999999994616,"failureMessages":[],"meta":{},"tags":[]},{"ancestorTitles":["useNpcStatDialog","onStatAdd"],"fullName":"useNpcStatDialog onStatAdd opens dialog for derivedStats","status":"passed","title":"opens dialog for derivedStats","duration":0.30490000000008877,"failureMessages":[],"meta":{},"tags":[]},{"ancestorTitles":["useNpcStatDialog","onStatEdit"],"fullName":"useNpcStatDialog onStatEdit loads existing skill into dialog","status":"passed","title":"loads existing skill into dialog","duration":0.348700000000008,"failureMessages":[],"meta":{},"tags":[]},{"ancestorTitles":["useNpcStatDialog","onStatEdit"],"fullName":"useNpcStatDialog onStatEdit loads existing derived stat with displayValue","status":"passed","title":"loads existing derived stat with displayValue","duration":0.21109999999998763,"failureMessages":[],"meta":{},"tags":[]},{"ancestorTitles":["useNpcStatDialog","onStatEdit"],"fullName":"useNpcStatDialog onStatEdit does nothing when editableNpc is null","status":"passed","title":"does nothing when editableNpc is null","duration":0.11819999999988795,"failureMessages":[],"meta":{},"tags":[]},{"ancestorTitles":["useNpcStatDialog","onStatEdit"],"fullName":"useNpcStatDialog onStatEdit does nothing when entry does not exist at index","status":"passed","title":"does nothing when entry does not exist at index","duration":0.0933999999997468,"failureMessages":[],"meta":{},"tags":[]},{"ancestorTitles":["useNpcStatDialog","onStatRemove"],"fullName":"useNpcStatDialog onStatRemove removes skill at index","status":"passed","title":"removes skill at index","duration":0.5284999999998945,"failureMessages":[],"meta":{},"tags":[]},{"ancestorTitles":["useNpcStatDialog","onStatRemove"],"fullName":"useNpcStatDialog onStatRemove removes derivedStat at index","status":"passed","title":"removes derivedStat at index","duration":0.26139999999986685,"failureMessages":[],"meta":{},"tags":[]},{"ancestorTitles":["useNpcStatDialog","onStatRemove"],"fullName":"useNpcStatDialog onStatRemove does nothing when editableNpc is null","status":"passed","title":"does nothing when editableNpc is null","duration":0.5548000000003412,"failureMessages":[],"meta":{},"tags":[]},{"ancestorTitles":["useNpcStatDialog","onStatDialogSave"],"fullName":"useNpcStatDialog onStatDialogSave adds new skill","status":"passed","title":"adds new skill","duration":0.7255999999997584,"failureMessages":[],"meta":{},"tags":[]},{"ancestorTitles":["useNpcStatDialog","onStatDialogSave"],"fullName":"useNpcStatDialog onStatDialogSave updates existing skill when editing","status":"passed","title":"updates existing skill when editing","duration":0.23039999999991778,"failureMessages":[],"meta":{},"tags":[]},{"ancestorTitles":["useNpcStatDialog","onStatDialogSave"],"fullName":"useNpcStatDialog onStatDialogSave adds new derived stat with displayValue","status":"passed","title":"adds new derived stat with displayValue","duration":0.27500000000009095,"failureMessages":[],"meta":{},"tags":[]},{"ancestorTitles":["useNpcStatDialog","onStatDialogSave"],"fullName":"useNpcStatDialog onStatDialogSave updates existing derived stat displayValue","status":"passed","title":"updates existing derived stat displayValue","duration":0.19880000000011933,"failureMessages":[],"meta":{},"tags":[]},{"ancestorTitles":["useNpcStatDialog","onStatDialogSave"],"fullName":"useNpcStatDialog onStatDialogSave does nothing when classifier not found","status":"passed","title":"does nothing when classifier not found","duration":0.1507000000001426,"failureMessages":[],"meta":{},"tags":[]},{"ancestorTitles":["useNpcStatDialog","onStatDialogSave"],"fullName":"useNpcStatDialog onStatDialogSave does nothing when editableNpc is null","status":"passed","title":"does nothing when editableNpc is null","duration":0.14769999999998618,"failureMessages":[],"meta":{},"tags":[]}],"startTime":1774941491878,"endTime":1774941491889.275,"status":"passed","message":"","name":"D:/Darbs/git/rpg/public-web/src/composables/useNpcStatDialog.test.ts"},{"assertionResults":[{"ancestorTitles":["useStepValidation","validate"],"fullName":"useStepValidation validate returns invalid when no hero loaded","status":"passed","title":"returns invalid when no hero loaded","duration":8.313199999999597,"failureMessages":[],"meta":{},"tags":[]},{"ancestorTitles":["useStepValidation","validate"],"fullName":"useStepValidation validate validates basic-setup step","status":"passed","title":"validates basic-setup step","duration":2.918499999999767,"failureMessages":[],"meta":{},"tags":[]},{"ancestorTitles":["useStepValidation","validate"],"fullName":"useStepValidation validate returns errors for invalid basic-setup","status":"passed","title":"returns errors for invalid basic-setup","duration":1.6667999999999665,"failureMessages":[],"meta":{},"tags":[]},{"ancestorTitles":["useStepValidation","validate"],"fullName":"useStepValidation validate returns error for missing ancestry (merged into basic-setup)","status":"passed","title":"returns error for missing ancestry (merged into basic-setup)","duration":1.3802999999998065,"failureMessages":[],"meta":{},"tags":[]},{"ancestorTitles":["useStepValidation","validate"],"fullName":"useStepValidation validate validates culture step","status":"passed","title":"validates culture step","duration":1.3373999999998887,"failureMessages":[],"meta":{},"tags":[]},{"ancestorTitles":["useStepValidation","validate"],"fullName":"useStepValidation validate returns error for missing culture","status":"passed","title":"returns error for missing culture","duration":1.5070999999998094,"failureMessages":[],"meta":{},"tags":[]},{"ancestorTitles":["useStepValidation","validate"],"fullName":"useStepValidation validate validates starting-kit step","status":"passed","title":"validates starting-kit step","duration":1.3012000000003354,"failureMessages":[],"meta":{},"tags":[]},{"ancestorTitles":["useStepValidation","validate"],"fullName":"useStepValidation validate returns warning for missing starting kit but remains valid","status":"passed","title":"returns warning for missing starting kit but remains valid","duration":1.3627000000001317,"failureMessages":[],"meta":{},"tags":[]},{"ancestorTitles":["useStepValidation","validate"],"fullName":"useStepValidation validate validates personal-details step (always valid)","status":"passed","title":"validates personal-details step (always valid)","duration":1.2467999999998938,"failureMessages":[],"meta":{},"tags":[]},{"ancestorTitles":["useStepValidation","budget"],"fullName":"useStepValidation budget returns default budget when no hero loaded","status":"passed","title":"returns default budget when no hero loaded","duration":1.290599999999813,"failureMessages":[],"meta":{},"tags":[]},{"ancestorTitles":["useStepValidation","budget"],"fullName":"useStepValidation budget returns skills budget with maxRank when no hero loaded","status":"passed","title":"returns skills budget with maxRank when no hero loaded","duration":1.0868999999997868,"failureMessages":[],"meta":{},"tags":[]},{"ancestorTitles":["useStepValidation","budget"],"fullName":"useStepValidation budget calculates attribute budget","status":"passed","title":"calculates attribute budget","duration":1.3562000000001717,"failureMessages":[],"meta":{},"tags":[]},{"ancestorTitles":["useStepValidation","budget"],"fullName":"useStepValidation budget calculates skills budget","status":"passed","title":"calculates skills budget","duration":1.106999999999971,"failureMessages":[],"meta":{},"tags":[]},{"ancestorTitles":["useStepValidation","budget"],"fullName":"useStepValidation budget includes surge bonus in skills budget when radiant","status":"passed","title":"includes surge bonus in skills budget when radiant","duration":1.0704000000000633,"failureMessages":[],"meta":{},"tags":[]},{"ancestorTitles":["useStepValidation","budget"],"fullName":"useStepValidation budget calculates expertises budget","status":"passed","title":"calculates expertises budget","duration":1.0098000000002685,"failureMessages":[],"meta":{},"tags":[]},{"ancestorTitles":["useStepValidation","budget"],"fullName":"useStepValidation budget calculates paths budget","status":"passed","title":"calculates paths budget","duration":1.2554000000000087,"failureMessages":[],"meta":{},"tags":[]},{"ancestorTitles":["useStepValidation","currentStepCode"],"fullName":"useStepValidation currentStepCode returns basic-setup when wizard at step 1","status":"passed","title":"returns basic-setup when wizard at step 1","duration":1.0837999999998829,"failureMessages":[],"meta":{},"tags":[]},{"ancestorTitles":["useStepValidation","currentStepCode"],"fullName":"useStepValidation currentStepCode updates when wizard step changes","status":"passed","title":"updates when wizard step changes","duration":1.1548999999999978,"failureMessages":[],"meta":{},"tags":[]},{"ancestorTitles":["useStepValidation","currentStepCode"],"fullName":"useStepValidation currentStepCode returns basic-setup as fallback when no step config","status":"passed","title":"returns basic-setup as fallback when no step config","duration":0.8191999999999098,"failureMessages":[],"meta":{},"tags":[]},{"ancestorTitles":["useStepValidation","currentValidation"],"fullName":"useStepValidation currentValidation returns validation for current wizard step","status":"passed","title":"returns validation for current wizard step","duration":1.0351000000000568,"failureMessages":[],"meta":{},"tags":[]},{"ancestorTitles":["useStepValidation","currentValidation"],"fullName":"useStepValidation currentValidation updates when wizard step changes","status":"passed","title":"updates when wizard step changes","duration":1.201300000000174,"failureMessages":[],"meta":{},"tags":[]},{"ancestorTitles":["useStepValidation","allStepsValidation"],"fullName":"useStepValidation allStepsValidation validates review step (all steps)","status":"passed","title":"validates review step (all steps)","duration":1.2362000000002809,"failureMessages":[],"meta":{},"tags":[]},{"ancestorTitles":["useStepValidation","allStepsValidation"],"fullName":"useStepValidation allStepsValidation returns errors when hero incomplete","status":"passed","title":"returns errors when hero incomplete","duration":1.1380999999996675,"failureMessages":[],"meta":{},"tags":[]},{"ancestorTitles":["useStepValidation","validation data"],"fullName":"useStepValidation validation data includes hero in validation data","status":"passed","title":"includes hero in validation data","duration":1.0927000000001499,"failureMessages":[],"meta":{},"tags":[]},{"ancestorTitles":["useStepValidation","validation data"],"fullName":"useStepValidation validation data includes levelData from attributes store","status":"passed","title":"includes levelData from attributes store","duration":1.0214999999998327,"failureMessages":[],"meta":{},"tags":[]},{"ancestorTitles":["useStepValidation","validation data"],"fullName":"useStepValidation validation data includes intellectValue for skill max rank","status":"passed","title":"includes intellectValue for skill max rank","duration":1.2935999999999694,"failureMessages":[],"meta":{},"tags":[]},{"ancestorTitles":["useStepValidation","reactivity"],"fullName":"useStepValidation reactivity recomputes when hero changes","status":"passed","title":"recomputes when hero changes","duration":1.039600000000064,"failureMessages":[],"meta":{},"tags":[]},{"ancestorTitles":["useStepValidation","reactivity"],"fullName":"useStepValidation reactivity recomputes budget when attributes change","status":"passed","title":"recomputes budget when attributes change","duration":1.1687999999999192,"failureMessages":[],"meta":{},"tags":[]},{"ancestorTitles":["useStepValidation","edge cases"],"fullName":"useStepValidation edge cases handles hero with empty arrays","status":"passed","title":"handles hero with empty arrays","duration":1.616700000000037,"failureMessages":[],"meta":{},"tags":[]},{"ancestorTitles":["useStepValidation","edge cases"],"fullName":"useStepValidation edge cases handles all step codes","status":"passed","title":"handles all step codes","duration":1.659400000000005,"failureMessages":[],"meta":{},"tags":[]},{"ancestorTitles":["useStepValidation","edge cases"],"fullName":"useStepValidation edge cases handles budget for all budget steps","status":"passed","title":"handles budget for all budget steps","duration":1.4971000000000458,"failureMessages":[],"meta":{},"tags":[]}],"startTime":1774941489713,"endTime":1774941489761.497,"status":"passed","message":"","name":"D:/Darbs/git/rpg/public-web/src/composables/useStepValidation.test.ts"},{"assertionResults":[{"ancestorTitles":["useSwipeNavigation","event listener registration"],"fullName":"useSwipeNavigation event listener registration adds touch event listeners on mount","status":"passed","title":"adds touch event listeners on mount","duration":4.828300000000127,"failureMessages":[],"meta":{},"tags":[]},{"ancestorTitles":["useSwipeNavigation","event listener registration"],"fullName":"useSwipeNavigation event listener registration removes touch event listeners on unmount","status":"passed","title":"removes touch event listeners on unmount","duration":0.9783000000002176,"failureMessages":[],"meta":{},"tags":[]},{"ancestorTitles":["useSwipeNavigation","event listener registration"],"fullName":"useSwipeNavigation event listener registration does not add listeners when element is null on mount","status":"passed","title":"does not add listeners when element is null on mount","duration":0.4074000000000524,"failureMessages":[],"meta":{},"tags":[]},{"ancestorTitles":["useSwipeNavigation","event listener registration"],"fullName":"useSwipeNavigation event listener registration does not remove listeners when element is null on unmount","status":"passed","title":"does not remove listeners when element is null on unmount","duration":0.28239999999959764,"failureMessages":[],"meta":{},"tags":[]},{"ancestorTitles":["useSwipeNavigation","left swipe detection"],"fullName":"useSwipeNavigation left swipe detection calls onSwipeLeft for left swipe exceeding threshold","status":"passed","title":"calls onSwipeLeft for left swipe exceeding threshold","duration":0.7816000000002532,"failureMessages":[],"meta":{},"tags":[]},{"ancestorTitles":["useSwipeNavigation","left swipe detection"],"fullName":"useSwipeNavigation left swipe detection does not call onSwipeLeft for swipe below threshold","status":"passed","title":"does not call onSwipeLeft for swipe below threshold","duration":0.40399999999999636,"failureMessages":[],"meta":{},"tags":[]},{"ancestorTitles":["useSwipeNavigation","left swipe detection"],"fullName":"useSwipeNavigation left swipe detection does not call onSwipeLeft for right swipe","status":"passed","title":"does not call onSwipeLeft for right swipe","duration":0.34760000000005675,"failureMessages":[],"meta":{},"tags":[]},{"ancestorTitles":["useSwipeNavigation","right swipe detection"],"fullName":"useSwipeNavigation right swipe detection calls onSwipeRight for right swipe exceeding threshold","status":"passed","title":"calls onSwipeRight for right swipe exceeding threshold","duration":0.31100000000014916,"failureMessages":[],"meta":{},"tags":[]},{"ancestorTitles":["useSwipeNavigation","right swipe detection"],"fullName":"useSwipeNavigation right swipe detection does not call onSwipeRight for swipe below threshold","status":"passed","title":"does not call onSwipeRight for swipe below threshold","duration":0.3631000000000313,"failureMessages":[],"meta":{},"tags":[]},{"ancestorTitles":["useSwipeNavigation","vertical movement cancellation"],"fullName":"useSwipeNavigation vertical movement cancellation cancels swipe when vertical movement exceeds maxVerticalDistance","status":"passed","title":"cancels swipe when vertical movement exceeds maxVerticalDistance","duration":0.35159999999996217,"failureMessages":[],"meta":{},"tags":[]},{"ancestorTitles":["useSwipeNavigation","vertical movement cancellation"],"fullName":"useSwipeNavigation vertical movement cancellation allows swipe when vertical movement is within maxVerticalDistance","status":"passed","title":"allows swipe when vertical movement is within maxVerticalDistance","duration":0.278400000000147,"failureMessages":[],"meta":{},"tags":[]},{"ancestorTitles":["useSwipeNavigation","vertical movement cancellation"],"fullName":"useSwipeNavigation vertical movement cancellation uses absolute value for vertical distance","status":"passed","title":"uses absolute value for vertical distance","duration":0.37809999999990396,"failureMessages":[],"meta":{},"tags":[]},{"ancestorTitles":["useSwipeNavigation","default options"],"fullName":"useSwipeNavigation default options uses default threshold of 50","status":"passed","title":"uses default threshold of 50","duration":0.3751999999999498,"failureMessages":[],"meta":{},"tags":[]},{"ancestorTitles":["useSwipeNavigation","default options"],"fullName":"useSwipeNavigation default options uses default maxVerticalDistance of 100","status":"passed","title":"uses default maxVerticalDistance of 100","duration":0.2806000000000495,"failureMessages":[],"meta":{},"tags":[]},{"ancestorTitles":["useSwipeNavigation","touch cancel handling"],"fullName":"useSwipeNavigation touch cancel handling resets swiping state on touchcancel","status":"passed","title":"resets swiping state on touchcancel","duration":0.2705999999998312,"failureMessages":[],"meta":{},"tags":[]},{"ancestorTitles":["useSwipeNavigation","edge cases"],"fullName":"useSwipeNavigation edge cases handles missing touch in touchstart","status":"passed","title":"handles missing touch in touchstart","duration":0.2638000000001739,"failureMessages":[],"meta":{},"tags":[]},{"ancestorTitles":["useSwipeNavigation","edge cases"],"fullName":"useSwipeNavigation edge cases handles missing touch in touchend","status":"passed","title":"handles missing touch in touchend","duration":0.2897000000002663,"failureMessages":[],"meta":{},"tags":[]},{"ancestorTitles":["useSwipeNavigation","edge cases"],"fullName":"useSwipeNavigation edge cases handles touchend without prior touchstart","status":"passed","title":"handles touchend without prior touchstart","duration":0.2617000000000189,"failureMessages":[],"meta":{},"tags":[]},{"ancestorTitles":["useSwipeNavigation","edge cases"],"fullName":"useSwipeNavigation edge cases handles rapid successive swipes","status":"passed","title":"handles rapid successive swipes","duration":0.32229999999981374,"failureMessages":[],"meta":{},"tags":[]},{"ancestorTitles":["useSwipeNavigation","edge cases"],"fullName":"useSwipeNavigation edge cases handles exact threshold value","status":"passed","title":"handles exact threshold value","duration":0.2759000000000924,"failureMessages":[],"meta":{},"tags":[]},{"ancestorTitles":["useSwipeNavigation","edge cases"],"fullName":"useSwipeNavigation edge cases works without any callbacks provided","status":"passed","title":"works without any callbacks provided","duration":0.7984000000001288,"failureMessages":[],"meta":{},"tags":[]},{"ancestorTitles":["useSwipeNavigation","custom threshold"],"fullName":"useSwipeNavigation custom threshold respects custom threshold value","status":"passed","title":"respects custom threshold value","duration":0.3204000000000633,"failureMessages":[],"meta":{},"tags":[]},{"ancestorTitles":["useSwipeNavigation","custom threshold"],"fullName":"useSwipeNavigation custom threshold allows very small threshold","status":"passed","title":"allows very small threshold","duration":0.2644000000000233,"failureMessages":[],"meta":{},"tags":[]}],"startTime":1774941492008,"endTime":1774941492021.3203,"status":"passed","message":"","name":"D:/Darbs/git/rpg/public-web/src/composables/useSwipeNavigation.test.ts"},{"assertionResults":[{"ancestorTitles":["useTalentPrerequisites","computed state"],"fullName":"useTalentPrerequisites computed state provides heroTalentIds as Set","status":"passed","title":"provides heroTalentIds as Set","duration":7.866899999999987,"failureMessages":[],"meta":{},"tags":[]},{"ancestorTitles":["useTalentPrerequisites","computed state"],"fullName":"useTalentPrerequisites computed state provides characterSkills as Map","status":"passed","title":"provides characterSkills as Map","duration":1.6796999999996842,"failureMessages":[],"meta":{},"tags":[]},{"ancestorTitles":["useTalentPrerequisites","computed state"],"fullName":"useTalentPrerequisites computed state provides heroLevel from hero","status":"passed","title":"provides heroLevel from hero","duration":1.3537000000001171,"failureMessages":[],"meta":{},"tags":[]},{"ancestorTitles":["useTalentPrerequisites","computed state"],"fullName":"useTalentPrerequisites computed state returns defaults when no hero loaded","status":"passed","title":"returns defaults when no hero loaded","duration":1.13149999999996,"failureMessages":[],"meta":{},"tags":[]},{"ancestorTitles":["useTalentPrerequisites","checkTalentPrerequisites"],"fullName":"useTalentPrerequisites checkTalentPrerequisites returns met=true for talent without prerequisites","status":"passed","title":"returns met=true for talent without prerequisites","duration":1.8377000000000407,"failureMessages":[],"meta":{},"tags":[]},{"ancestorTitles":["useTalentPrerequisites","checkTalentPrerequisites"],"fullName":"useTalentPrerequisites checkTalentPrerequisites returns met=true for empty prerequisites array","status":"passed","title":"returns met=true for empty prerequisites array","duration":1.2104000000003907,"failureMessages":[],"meta":{},"tags":[]},{"ancestorTitles":["useTalentPrerequisites","checkTalentPrerequisites","talent prerequisites"],"fullName":"useTalentPrerequisites checkTalentPrerequisites talent prerequisites checks if required talent is selected","status":"passed","title":"checks if required talent is selected","duration":1.3395000000000437,"failureMessages":[],"meta":{},"tags":[]},{"ancestorTitles":["useTalentPrerequisites","checkTalentPrerequisites","talent prerequisites"],"fullName":"useTalentPrerequisites checkTalentPrerequisites talent prerequisites accepts any of multiple talent options (OR logic)","status":"passed","title":"accepts any of multiple talent options (OR logic)","duration":1.1631000000002132,"failureMessages":[],"meta":{},"tags":[]},{"ancestorTitles":["useTalentPrerequisites","checkTalentPrerequisites","talent prerequisites"],"fullName":"useTalentPrerequisites checkTalentPrerequisites talent prerequisites handles empty codes array","status":"passed","title":"handles empty codes array","duration":1.2925000000000182,"failureMessages":[],"meta":{},"tags":[]},{"ancestorTitles":["useTalentPrerequisites","checkTalentPrerequisites","skill prerequisites"],"fullName":"useTalentPrerequisites checkTalentPrerequisites skill prerequisites checks skill rank requirement","status":"passed","title":"checks skill rank requirement","duration":1.2690999999999804,"failureMessages":[],"meta":{},"tags":[]},{"ancestorTitles":["useTalentPrerequisites","checkTalentPrerequisites","skill prerequisites"],"fullName":"useTalentPrerequisites checkTalentPrerequisites skill prerequisites accepts higher skill rank than required","status":"passed","title":"accepts higher skill rank than required","duration":1.0345000000002074,"failureMessages":[],"meta":{},"tags":[]},{"ancestorTitles":["useTalentPrerequisites","checkTalentPrerequisites","skill prerequisites"],"fullName":"useTalentPrerequisites checkTalentPrerequisites skill prerequisites returns unmet when skill not trained","status":"passed","title":"returns unmet when skill not trained","duration":0.9598000000000866,"failureMessages":[],"meta":{},"tags":[]},{"ancestorTitles":["useTalentPrerequisites","checkTalentPrerequisites","level prerequisites"],"fullName":"useTalentPrerequisites checkTalentPrerequisites level prerequisites checks hero level","status":"passed","title":"checks hero level","duration":0.9416000000001077,"failureMessages":[],"meta":{},"tags":[]},{"ancestorTitles":["useTalentPrerequisites","checkTalentPrerequisites","level prerequisites"],"fullName":"useTalentPrerequisites checkTalentPrerequisites level prerequisites fails when level too low","status":"passed","title":"fails when level too low","duration":1.0234999999997854,"failureMessages":[],"meta":{},"tags":[]},{"ancestorTitles":["useTalentPrerequisites","checkTalentPrerequisites","narrative prerequisites"],"fullName":"useTalentPrerequisites checkTalentPrerequisites narrative prerequisites treats narrative as always met","status":"passed","title":"treats narrative as always met","duration":0.9044999999996435,"failureMessages":[],"meta":{},"tags":[]},{"ancestorTitles":["useTalentPrerequisites","checkTalentPrerequisites","multiple prerequisites"],"fullName":"useTalentPrerequisites checkTalentPrerequisites multiple prerequisites requires all prerequisites to be met","status":"passed","title":"requires all prerequisites to be met","duration":0.9729000000002088,"failureMessages":[],"meta":{},"tags":[]},{"ancestorTitles":["useTalentPrerequisites","checkTalentPrerequisites","multiple prerequisites"],"fullName":"useTalentPrerequisites checkTalentPrerequisites multiple prerequisites fails when any prerequisite is not met","status":"passed","title":"fails when any prerequisite is not met","duration":0.9751999999998588,"failureMessages":[],"meta":{},"tags":[]},{"ancestorTitles":["useTalentPrerequisites","checkTalentPrerequisites","multiple prerequisites"],"fullName":"useTalentPrerequisites checkTalentPrerequisites multiple prerequisites collects all unmet prerequisites","status":"passed","title":"collects all unmet prerequisites","duration":0.9216000000001259,"failureMessages":[],"meta":{},"tags":[]},{"ancestorTitles":["useTalentPrerequisites","checkTalentPrerequisites","unknown prerequisite types"],"fullName":"useTalentPrerequisites checkTalentPrerequisites unknown prerequisite types treats unknown types as met","status":"passed","title":"treats unknown types as met","duration":0.7899999999999636,"failureMessages":[],"meta":{},"tags":[]},{"ancestorTitles":["useTalentPrerequisites","mapTalentsWithStatus"],"fullName":"useTalentPrerequisites mapTalentsWithStatus maps talents to TalentWithStatus","status":"passed","title":"maps talents to TalentWithStatus","duration":1.7343999999998232,"failureMessages":[],"meta":{},"tags":[]},{"ancestorTitles":["useTalentPrerequisites","mapTalentsWithStatus"],"fullName":"useTalentPrerequisites mapTalentsWithStatus marks available talents correctly","status":"passed","title":"marks available talents correctly","duration":0.9472999999998137,"failureMessages":[],"meta":{},"tags":[]},{"ancestorTitles":["useTalentPrerequisites","mapTalentsWithStatus"],"fullName":"useTalentPrerequisites mapTalentsWithStatus marks unavailable talents with unmet prereqs","status":"passed","title":"marks unavailable talents with unmet prereqs","duration":1.061699999999746,"failureMessages":[],"meta":{},"tags":[]},{"ancestorTitles":["useTalentPrerequisites","toggleTalent"],"fullName":"useTalentPrerequisites toggleTalent adds talent when not selected and available","status":"passed","title":"adds talent when not selected and available","duration":1.3317999999999302,"failureMessages":[],"meta":{},"tags":[]},{"ancestorTitles":["useTalentPrerequisites","toggleTalent"],"fullName":"useTalentPrerequisites toggleTalent removes talent when already selected","status":"passed","title":"removes talent when already selected","duration":1.2413000000001375,"failureMessages":[],"meta":{},"tags":[]},{"ancestorTitles":["useTalentPrerequisites","toggleTalent"],"fullName":"useTalentPrerequisites toggleTalent does not add unavailable talent","status":"passed","title":"does not add unavailable talent","duration":0.9947999999999411,"failureMessages":[],"meta":{},"tags":[]},{"ancestorTitles":["useTalentPrerequisites","isTalentSelected"],"fullName":"useTalentPrerequisites isTalentSelected returns true for selected talent","s
[...]
ws error message when current step has errors","duration":8.196699999999964,"failureMessages":[],"meta":{},"tags":[]},{"ancestorTitles":["StepNavigation","validation errors"],"fullName":"StepNavigation validation errors shows first error when multiple errors exist","status":"passed","title":"shows first error when multiple errors exist","duration":7.613299999999981,"failureMessages":[],"meta":{},"tags":[]},{"ancestorTitles":["StepNavigation","validation errors"],"fullName":"StepNavigation validation errors does not show error section when no errors","status":"passed","title":"does not show error section when no errors","duration":3.271299999999883,"failureMessages":[],"meta":{},"tags":[]},{"ancestorTitles":["StepNavigation","validation errors"],"fullName":"StepNavigation validation errors has alert role for error message","status":"passed","title":"has alert role for error message","duration":102.76499999999987,"failureMessages":[],"meta":{},"tags":[]},{"ancestorTitles":["StepNavigation","validation errors"],"fullName":"StepNavigation validation errors has aria-live for error updates","status":"passed","title":"has aria-live for error updates","duration":68.86180000000013,"failureMessages":[],"meta":{},"tags":[]},{"ancestorTitles":["StepNavigation","validation errors"],"fullName":"StepNavigation validation errors shows saveError with priority over validation errors","status":"passed","title":"shows saveError with priority over validation errors","duration":11.644800000000032,"failureMessages":[],"meta":{},"tags":[]},{"ancestorTitles":["StepNavigation","finish button state"],"fullName":"StepNavigation finish button state disables Finish when all steps not valid","status":"passed","title":"disables Finish when all steps not valid","duration":6.882000000000062,"failureMessages":[],"meta":{},"tags":[]},{"ancestorTitles":["StepNavigation","finish button state"],"fullName":"StepNavigation finish button state enables Finish when all steps valid","status":"passed","title":"enables Finish when all steps valid","duration":7.616800000000239,"failureMessages":[],"meta":{},"tags":[]},{"ancestorTitles":["StepNavigation","loading state"],"fullName":"StepNavigation loading state shows loading state on Next button when saving","status":"passed","title":"shows loading state on Next button when saving","duration":5.116700000000037,"failureMessages":[],"meta":{},"tags":[]},{"ancestorTitles":["StepNavigation","loading state"],"fullName":"StepNavigation loading state does not show loading state by default","status":"passed","title":"does not show loading state by default","duration":2.063000000000102,"failureMessages":[],"meta":{},"tags":[]},{"ancestorTitles":["StepNavigation","step visibility logic"],"fullName":"StepNavigation step visibility logic shows Next on step 1","status":"passed","title":"shows Next on step 1","duration":1.503700000000208,"failureMessages":[],"meta":{},"tags":[]},{"ancestorTitles":["StepNavigation","step visibility logic"],"fullName":"StepNavigation step visibility logic shows both Back and Next on middle steps","status":"passed","title":"shows both Back and Next on middle steps","duration":8.463200000000143,"failureMessages":[],"meta":{},"tags":[]},{"ancestorTitles":["StepNavigation","step visibility logic"],"fullName":"StepNavigation step visibility logic shows Back and Finish on last step","status":"passed","title":"shows Back and Finish on last step","duration":10.107500000000073,"failureMessages":[],"meta":{},"tags":[]}],"startTime":1774941484533,"endTime":1774941484857.1074,"status":"passed","message":"","name":"D:/Darbs/git/rpg/public-web/src/components/character-creation/shared/StepNavigation.test.ts"},{"assertionResults":[{"ancestorTitles":["StepTabs","basic rendering"],"fullName":"StepTabs basic rendering renders all step tabs","status":"passed","title":"renders all step tabs","duration":34.97060000000056,"failureMessages":[],"meta":{},"tags":[]},{"ancestorTitles":["StepTabs","basic rendering"],"fullName":"StepTabs basic rendering renders 5 tabs","status":"passed","title":"renders 5 tabs","duration":12.206000000000131,"failureMessages":[],"meta":{},"tags":[]},{"ancestorTitles":["StepTabs","basic rendering"],"fullName":"StepTabs basic rendering renders q-tabs container","status":"passed","title":"renders q-tabs container","duration":4.538799999999355,"failureMessages":[],"meta":{},"tags":[]},{"ancestorTitles":["StepTabs","basic rendering"],"fullName":"StepTabs basic rendering passes current step as model-value to q-tabs","status":"passed","title":"passes current step as model-value to q-tabs","duration":7.755099999999402,"failureMessages":[],"meta":{},"tags":[]},{"ancestorTitles":["StepTabs","disabled state"],"fullName":"StepTabs disabled state disables future uncompleted steps in create mode","status":"passed","title":"disables future uncompleted steps in create mode","duration":5.822799999999916,"failureMessages":[],"meta":{},"tags":[]},{"ancestorTitles":["StepTabs","disabled state"],"fullName":"StepTabs disabled state enables current step","status":"passed","title":"enables current step","duration":3.1023000000004686,"failureMessages":[],"meta":{},"tags":[]},{"ancestorTitles":["StepTabs","disabled state"],"fullName":"StepTabs disabled state enables completed steps in create mode","status":"passed","title":"enables completed steps in create mode","duration":13.823599999999715,"failureMessages":[],"meta":{},"tags":[]},{"ancestorTitles":["StepTabs","disabled state"],"fullName":"StepTabs disabled state enables all steps in edit mode","status":"passed","title":"enables all steps in edit mode","duration":12.925799999999981,"failureMessages":[],"meta":{},"tags":[]},{"ancestorTitles":["StepTabs","validation errors"],"fullName":"StepTabs validation errors shows error styling for steps with validation errors","status":"passed","title":"shows error styling for steps with validation errors","duration":6.07969999999932,"failureMessages":[],"meta":{},"tags":[]},{"ancestorTitles":["StepTabs","validation errors"],"fullName":"StepTabs validation errors passes alert props for steps with validation errors","status":"passed","title":"passes alert props for steps with validation errors","duration":2.7872000000006665,"failureMessages":[],"meta":{},"tags":[]},{"ancestorTitles":["StepTabs","validation errors"],"fullName":"StepTabs validation errors does not show error styling for valid completed steps","status":"passed","title":"does not show error styling for valid completed steps","duration":1.9239999999999782,"failureMessages":[],"meta":{},"tags":[]},{"ancestorTitles":["StepTabs","validation errors"],"fullName":"StepTabs validation errors does not validate uncompleted steps","status":"passed","title":"does not validate uncompleted steps","duration":6.938999999999396,"failureMessages":[],"meta":{},"tags":[]},{"ancestorTitles":["StepTabs","validation errors"],"fullName":"StepTabs validation errors does not pass alert props for valid steps","status":"passed","title":"does not pass alert props for valid steps","duration":14.954499999999825,"failureMessages":[],"meta":{},"tags":[]},{"ancestorTitles":["StepTabs","click navigation"],"fullName":"StepTabs click navigation emits navigate when clicking a backward step","status":"passed","title":"emits navigate when clicking a backward step","duration":48.71630000000005,"failureMessages":[],"meta":{},"tags":[]},{"ancestorTitles":["StepTabs","click navigation"],"fullName":"StepTabs click navigation emits navigate when clicking a forward completed step","status":"passed","title":"emits navigate when clicking a forward completed step","duration":4.501699999999801,"failureMessages":[],"meta":{},"tags":[]},{"ancestorTitles":["StepTabs","click navigation"],"fullName":"StepTabs click navigation does not emit navigate when clicking current step","status":"passed","title":"does not emit navigate when clicking current step","duration":2.2046999999993204,"failureMessages":[],"meta":{},"tags":[]},{"ancestorTitles":["StepTabs","click navigation"],"fullName":"StepTabs click navigation does not emit navigate for blocked forward step in create mode","status":"passed","title":"does not emit navigate for blocked forward step in create mode","duration":1.681300000000192,"failureMessages":[],"meta":{},"tags":[]}],"startTime":1774941479965,"endTime":1774941480150.6814,"status":"passed","message":"","name":"D:/Darbs/git/rpg/public-web/src/components/character-creation/shared/StepTabs.test.ts"},{"assertionResults":[{"ancestorTitles":["TalentDetailDialog","basic rendering"],"fullName":"TalentDetailDialog basic rendering renders dialog when modelValue is true","status":"passed","title":"renders dialog when modelValue is true","duration":65.51029999999992,"failureMessages":[],"meta":{},"tags":[]},{"ancestorTitles":["TalentDetailDialog","basic rendering"],"fullName":"TalentDetailDialog basic rendering does not render dialog when modelValue is false","status":"passed","title":"does not render dialog when modelValue is false","duration":1.6179999999999382,"failureMessages":[],"meta":{},"tags":[]},{"ancestorTitles":["TalentDetailDialog","basic rendering"],"fullName":"TalentDetailDialog basic rendering renders talent name","status":"passed","title":"renders talent name","duration":25.354100000000017,"failureMessages":[],"meta":{},"tags":[]},{"ancestorTitles":["TalentDetailDialog","basic rendering"],"fullName":"TalentDetailDialog basic rendering renders full description","status":"passed","title":"renders full description","duration":3.2338999999997213,"failureMessages":[],"meta":{},"tags":[]},{"ancestorTitles":["TalentDetailDialog","null talent handling"],"fullName":"TalentDetailDialog null talent handling handles null talent gracefully","status":"passed","title":"handles null talent gracefully","duration":3.5776999999998225,"failureMessages":[],"meta":{},"tags":[]},{"ancestorTitles":["TalentDetailDialog","prerequisites display"],"fullName":"TalentDetailDialog prerequisites display shows prerequisites when present","status":"passed","title":"shows prerequisites when present","duration":3.58179999999993,"failureMessages":[],"meta":{},"tags":[]},{"ancestorTitles":["TalentDetailDialog","prerequisites display"],"fullName":"TalentDetailDialog prerequisites display formats multiple prerequisites with commas","status":"passed","title":"formats multiple prerequisites with commas","duration":2.792899999999918,"failureMessages":[],"meta":{},"tags":[]},{"ancestorTitles":["TalentDetailDialog","prerequisites display"],"fullName":"TalentDetailDialog prerequisites display does not show prerequisites section when empty","status":"passed","title":"does not show prerequisites section when empty","duration":2.4685999999996966,"failureMessages":[],"meta":{},"tags":[]},{"ancestorTitles":["TalentDetailDialog","prerequisites display"],"fullName":"TalentDetailDialog prerequisites display does not show prerequisites section when null","status":"passed","title":"does not show prerequisites section when null","duration":42.589400000000296,"failureMessages":[],"meta":{},"tags":[]},{"ancestorTitles":["TalentDetailDialog","prerequisites display"],"fullName":"TalentDetailDialog prerequisites display formats narrative prerequisite with description","status":"passed","title":"formats narrative prerequisite with description","duration":3.121399999999994,"failureMessages":[],"meta":{},"tags":[]},{"ancestorTitles":["TalentDetailDialog","accessibility"],"fullName":"TalentDetailDialog accessibility has dialog role","status":"passed","title":"has dialog role","duration":3.934700000000248,"failureMessages":[],"meta":{},"tags":[]},{"ancestorTitles":["TalentDetailDialog","accessibility"],"fullName":"TalentDetailDialog accessibility has aria-modal attribute","status":"passed","title":"has aria-modal attribute","duration":2.913300000000163,"failureMessages":[],"meta":{},"tags":[]},{"ancestorTitles":["TalentDetailDialog","events"],"fullName":"TalentDetailDialog events emits update:modelValue when dialog model changes","status":"passed","title":"emits update:modelValue when dialog model changes","duration":2.8517000000001644,"failureMessages":[],"meta":{},"tags":[]}],"startTime":1774941484757,"endTime":1774941484921.8518,"status":"passed","message":"","name":"D:/Darbs/git/rpg/public-web/src/components/character-creation/shared/TalentDetailDialog.test.ts"},{"assertionResults":[{"ancestorTitles":["TalentListItem","basic rendering"],"fullName":"TalentListItem basic rendering renders talent name","status":"passed","title":"renders talent name","duration":91.6545000000001,"failureMessages":[],"meta":{},"tags":[]},{"ancestorTitles":["TalentListItem","basic rendering"],"fullName":"TalentListItem basic rendering renders short description","status":"passed","title":"renders short description","duration":4.105599999999868,"failureMessages":[],"meta":{},"tags":[]},{"ancestorTitles":["TalentListItem","basic rendering"],"fullName":"TalentListItem basic rendering falls back to full description when short is not available","status":"passed","title":"falls back to full description when short is not available","duration":6.280799999999999,"failureMessages":[],"meta":{},"tags":[]},{"ancestorTitles":["TalentListItem","selection state"],"fullName":"TalentListItem selection state checkbox is checked when selected","status":"passed","title":"checkbox is checked when selected","duration":11.301500000000033,"failureMessages":[],"meta":{},"tags":[]},{"ancestorTitles":["TalentListItem","selection state"],"fullName":"TalentListItem selection state checkbox is unchecked when not selected","status":"passed","title":"checkbox is unchecked when not selected","duration":3.9695999999999003,"failureMessages":[],"meta":{},"tags":[]},{"ancestorTitles":["TalentListItem","availability"],"fullName":"TalentListItem availability applies disabled class when not available","status":"passed","title":"applies disabled class when not available","duration":4.074200000000019,"failureMessages":[],"meta":{},"tags":[]},{"ancestorTitles":["TalentListItem","availability"],"fullName":"TalentListItem availability does not apply disabled class when available","status":"passed","title":"does not apply disabled class when available","duration":3.268999999999778,"failureMessages":[],"meta":{},"tags":[]},{"ancestorTitles":["TalentListItem","availability"],"fullName":"TalentListItem availability checkbox is disabled when not available and not selected","status":"passed","title":"checkbox is disabled when not available and not selected","duration":70.45710000000008,"failureMessages":[],"meta":{},"tags":[]},{"ancestorTitles":["TalentListItem","availability"],"fullName":"TalentListItem availability checkbox is enabled when not available but already selected","status":"passed","title":"checkbox is enabled when not available but already selected","duration":3.9405000000001564,"failureMessages":[],"meta":{},"tags":[]},{"ancestorTitles":["TalentListItem","availability"],"fullName":"TalentListItem availability shows lock icon when not available","status":"passed","title":"shows lock icon when not available","duration":4.834299999999985,"failureMessages":[],"meta":{},"tags":[]},{"ancestorTitles":["TalentListItem","prerequisites"],"fullName":"TalentListItem prerequisites shows unmet prerequisites when present","status":"passed","title":"shows unmet prerequisites when present","duration":8.35719999999992,"failureMessages":[],"meta":{},"tags":[]},{"ancestorTitles":["TalentListItem","prerequisites"],"fullName":"TalentListItem prerequisites formats multiple prerequisites with comma separator","status":"passed","title":"formats multiple prerequisites with comma separator","duration":3.977400000000216,"failureMessages":[],"meta":{},"tags":[]},{"ancestorTitles":["TalentListItem","prerequisites"],"fullName":"TalentListItem prerequisites does not show prerequisites section when array is empty","status":"passed","title":"does not show prerequisites section when array is empty","duration":4.664099999999962,"failureMessages":[],"meta":{},"tags":[]},{"ancestorTitles":["TalentListItem","events"],"fullName":"TalentListItem events emits toggle when checkbox changes","status":"passed","title":"emits toggle when checkbox changes","duration":4.7871000000000095,"failureMessages":[],"meta":{},"tags":[]},{"ancestorTitles":["TalentListItem","events"],"fullName":"TalentListItem events has info button for showing details","status":"passed","title":"has info button for showing details","duration":2.9479999999998654,"failureMessages":[],"meta":{},"tags":[]}],"startTime":1774941486773,"endTime":1774941487001.948,"status":"passed","message":"","name":"D:/Darbs/git/rpg/public-web/src/components/character-creation/shared/TalentListItem.test.ts"},{"assertionResults":[{"ancestorTitles":["TalentListPanel","basic rendering"],"fullName":"TalentListPanel basic rendering renders label text","status":"passed","title":"renders label text","duration":16.908800000000156,"failureMessages":[],"meta":{},"tags":[]},{"ancestorTitles":["TalentListPanel","basic rendering"],"fullName":"TalentListPanel basic rendering renders talent items for each talent","status":"passed","title":"renders talent items for each talent","duration":17.734400000000278,"failureMessages":[],"meta":{},"tags":[]},{"ancestorTitles":["TalentListPanel","basic rendering"],"fullName":"TalentListPanel basic rendering passes talent data to TalentListItem","status":"passed","title":"passes talent data to TalentListItem","duration":3.495800000000145,"failureMessages":[],"meta":{},"tags":[]},{"ancestorTitles":["TalentListPanel","empty state"],"fullName":"TalentListPanel empty state shows empty message when no talents and message provided","status":"passed","title":"shows empty message when no talents and message provided","duration":2.461699999999837,"failureMessages":[],"meta":{},"tags":[]},{"ancestorTitles":["TalentListPanel","empty state"],"fullName":"TalentListPanel empty state does not show empty message when talents exist","status":"passed","title":"does not show empty message when talents exist","duration":1.634099999999762,"failureMessages":[],"meta":{},"tags":[]},{"ancestorTitles":["TalentListPanel","empty state"],"fullName":"TalentListPanel empty state does not show empty section when no emptyMessage provided","status":"passed","title":"does not show empty section when no emptyMessage provided","duration":1.5262000000002445,"failureMessages":[],"meta":{},"tags":[]},{"ancestorTitles":["TalentListPanel","selection state"],"fullName":"TalentListPanel selection state checks selection via composable","status":"passed","title":"checks selection via composable","duration":2.462800000000243,"failureMessages":[],"meta":{},"tags":[]},{"ancestorTitles":["TalentListPanel","selection state"],"fullName":"TalentListPanel selection state passes unselected state when not selected","status":"passed","title":"passes unselected state when not selected","duration":1.6746000000002823,"failureMessages":[],"meta":{},"tags":[]},{"ancestorTitles":["TalentListPanel","events"],"fullName":"TalentListPanel events emits toggleTalent when talent item is toggled","status":"passed","title":"emits toggleTalent when talent item is toggled","duration":3.244300000000294,"failureMessages":[],"meta":{},"tags":[]},{"ancestorTitles":["TalentListPanel","events"],"fullName":"TalentListPanel events emits toggleTalent with availability status","status":"passed","title":"emits toggleTalent with availability status","duration":2.0213999999996304,"failureMessages":[],"meta":{},"tags":[]},{"ancestorTitles":["TalentListPanel","events"],"fullName":"TalentListPanel events emits showDetails when details button clicked","status":"passed","title":"emits showDetails when details button clicked","duration":2.2557999999999083,"failureMessages":[],"meta":{},"tags":[]}],"startTime":1774941488287,"endTime":1774941488342.2559,"status":"passed","message":"","name":"D:/Darbs/git/rpg/public-web/src/components/character-creation/shared/TalentListPanel.test.ts"}]}
